[debug] [2020-04-21T10:21:25.140Z] ----------------------------------------------------------------------
[debug] [2020-04-21T10:21:25.143Z] Command:       /usr/local/bin/node /usr/local/bin/firebase serve --only hosting,functions
[debug] [2020-04-21T10:21:25.143Z] CLI Version:   8.1.1
[debug] [2020-04-21T10:21:25.144Z] Platform:      darwin
[debug] [2020-04-21T10:21:25.144Z] Node Version:  v10.16.3
[debug] [2020-04-21T10:21:25.145Z] Time:          Tue Apr 21 2020 15:51:25 GMT+0530 (India Standard Time)
[debug] [2020-04-21T10:21:25.145Z] ----------------------------------------------------------------------
[debug] [2020-04-21T10:21:25.145Z] 
[debug] [2020-04-21T10:21:25.159Z] > command requires scopes: ["email","openid","https://www.googleapis.com/auth/cloudplatformprojects.readonly","https://www.googleapis.com/auth/firebase","https://www.googleapis.com/auth/cloud-platform"]
[debug] [2020-04-21T10:21:25.160Z] > authorizing via signed-in user
[debug] [2020-04-21T10:21:25.160Z] [iam] checking project bemeanstack for permissions ["firebase.projects.get"]
[debug] [2020-04-21T10:21:25.164Z] > refreshing access token with scopes: ["email","https://www.googleapis.com/auth/cloud-platform","https://www.googleapis.com/auth/cloudplatformprojects.readonly","https://www.googleapis.com/auth/firebase","openid"]
[debug] [2020-04-21T10:21:25.164Z] >>> HTTP REQUEST POST https://www.googleapis.com/oauth2/v3/token  
 <request body omitted>
[debug] [2020-04-21T10:21:25.704Z] <<< HTTP RESPONSE 200 {"content-type":"application/json; charset=utf-8","vary":"X-Origin, Referer, Origin,Accept-Encoding","date":"Tue, 21 Apr 2020 10:21:25 GMT","server":"scaffolding on HTTPServer2","cache-control":"private","x-xss-protection":"0","x-frame-options":"SAMEORIGIN","x-content-type-options":"nosniff","alt-svc":"quic=\":443\"; ma=2592000; v=\"46,43\",h3-Q050=\":443\"; ma=2592000,h3-Q049=\":443\"; ma=2592000,h3-Q048=\":443\"; ma=2592000,h3-Q046=\":443\"; ma=2592000,h3-Q043=\":443\"; ma=2592000,h3-T050=\":443\"; ma=2592000","accept-ranges":"none","transfer-encoding":"chunked"}
[debug] [2020-04-21T10:21:25.718Z] >>> HTTP REQUEST POST https://cloudresourcemanager.googleapis.com/v1/projects/bemeanstack:testIamPermissions  
 {"permissions":["firebase.projects.get"]}
[debug] [2020-04-21T10:21:28.908Z] <<< HTTP RESPONSE 200 {"content-type":"application/json; charset=UTF-8","vary":"X-Origin, Referer, Origin,Accept-Encoding","date":"Tue, 21 Apr 2020 10:21:28 GMT","server":"ESF","cache-control":"private","x-xss-protection":"0","x-frame-options":"SAMEORIGIN","x-content-type-options":"nosniff","server-timing":"gfet4t7; dur=1701","alt-svc":"quic=\":443\"; ma=2592000; v=\"46,43\",h3-Q050=\":443\"; ma=2592000,h3-Q049=\":443\"; ma=2592000,h3-Q048=\":443\"; ma=2592000,h3-Q046=\":443\"; ma=2592000,h3-Q043=\":443\"; ma=2592000,h3-T050=\":443\"; ma=2592000","accept-ranges":"none","transfer-encoding":"chunked"}
[debug] [2020-04-21T10:21:28.909Z] >>> HTTP REQUEST GET https://firebase.googleapis.com/v1beta1/projects/bemeanstack  
 
[debug] [2020-04-21T10:21:29.889Z] <<< HTTP RESPONSE 200 {"content-type":"application/json; charset=UTF-8","vary":"X-Origin, Referer, Origin,Accept-Encoding","date":"Tue, 21 Apr 2020 10:21:29 GMT","server":"ESF","cache-control":"private","x-xss-protection":"0","x-frame-options":"SAMEORIGIN","x-content-type-options":"nosniff","alt-svc":"quic=\":443\"; ma=2592000; v=\"46,43\",h3-Q050=\":443\"; ma=2592000,h3-Q049=\":443\"; ma=2592000,h3-Q048=\":443\"; ma=2592000,h3-Q046=\":443\"; ma=2592000,h3-Q043=\":443\"; ma=2592000,h3-T050=\":443\"; ma=2592000","accept-ranges":"none","transfer-encoding":"chunked"}
[debug] [2020-04-21T10:21:29.892Z] >>> HTTP REQUEST GET https://firebase.googleapis.com/v1beta1/projects/bemeanstack/webApps/-/config  
 
[warn] ⚠  Your requested "node" version "8" doesn't match your global version "10"
[info] ✔  functions: functions emulator started at http://localhost:5001
[debug] [2020-04-21T10:21:31.213Z] <<< HTTP RESPONSE 200 {"content-type":"application/json; charset=UTF-8","vary":"X-Origin, Referer, Origin,Accept-Encoding","date":"Tue, 21 Apr 2020 10:21:31 GMT","server":"ESF","cache-control":"private","x-xss-protection":"0","x-frame-options":"SAMEORIGIN","x-content-type-options":"nosniff","alt-svc":"quic=\":443\"; ma=2592000; v=\"46,43\",h3-Q050=\":443\"; ma=2592000,h3-Q049=\":443\"; ma=2592000,h3-Q048=\":443\"; ma=2592000,h3-Q046=\":443\"; ma=2592000,h3-Q043=\":443\"; ma=2592000,h3-T050=\":443\"; ma=2592000","accept-ranges":"none","transfer-encoding":"chunked"}
[info] i  functions: Watching "/Users/sakshay/Practice/MEANStack/bemeanstack/functions" for Cloud Functions...
[debug] [2020-04-21T10:21:31.253Z] [worker-pool] addWorker(~diagnostic~) 
[debug] [2020-04-21T10:21:31.253Z] [worker-pool] Adding worker with key ~diagnostic~, total=1 
[debug] [2020-04-21T10:21:31.254Z] [worker-pool] submitWork(triggerId=) 
[debug] [2020-04-21T10:21:31.254Z] [worker-~diagnostic~-a2dfed76-556d-4c3c-b2ae-5ad2fb6a699f]: Assigning socketPath: /var/folders/0q/dv5gw5vn6bs06d9y82697yr00000gn/T/fire_emu_25683.sock 
[debug] [2020-04-21T10:21:31.254Z] [worker-~diagnostic~-a2dfed76-556d-4c3c-b2ae-5ad2fb6a699f]: BUSY 
[info] i  hosting: Serving hosting files from: dist/bemeanstack
[info] ✔  hosting: Local server: http://localhost:5000
[debug] [2020-04-21T10:21:31.553Z] [runtime-status] [25683] Functions runtime initialized. {"cwd":"/Users/sakshay/Practice/MEANStack/bemeanstack/functions","node_version":"10.16.3"} 
[debug] [2020-04-21T10:21:31.554Z] [runtime-status] [25683] Disabled runtime features: undefined 
[debug] [2020-04-21T10:21:31.558Z] [runtime-status] [25683] Resolved module firebase-admin {"declared":true,"installed":true,"version":"8.10.0","resolution":"/Users/sakshay/Practice/MEANStack/bemeanstack/functions/node_modules/firebase-admin/lib/index.js"} 
[debug] [2020-04-21T10:21:31.559Z] [runtime-status] [25683] Resolved module firebase-functions {"declared":true,"installed":true,"version":"3.6.0","resolution":"/Users/sakshay/Practice/MEANStack/bemeanstack/functions/node_modules/firebase-functions/lib/index.js"} 
[debug] [2020-04-21T10:21:31.563Z] [runtime-status] [25683] Outgoing network have been stubbed. [{"name":"http","status":"mocked"},{"name":"http","status":"mocked"},{"name":"https","status":"mocked"},{"name":"https","status":"mocked"},{"name":"net","status":"mocked"}] 
[debug] [2020-04-21T10:21:31.633Z] [runtime-status] [25683] Checked functions.config() {"config":{}} 
[debug] [2020-04-21T10:21:31.634Z] [runtime-status] [25683] Resolved module firebase-functions {"declared":true,"installed":true,"version":"3.6.0","resolution":"/Users/sakshay/Practice/MEANStack/bemeanstack/functions/node_modules/firebase-functions/lib/index.js"} 
[debug] [2020-04-21T10:21:31.634Z] [runtime-status] [25683] Resolved module firebase-admin {"declared":true,"installed":true,"version":"8.10.0","resolution":"/Users/sakshay/Practice/MEANStack/bemeanstack/functions/node_modules/firebase-admin/lib/index.js"} 
[debug] [2020-04-21T10:21:31.635Z] [runtime-status] [25683] Resolved module firebase-functions {"declared":true,"installed":true,"version":"3.6.0","resolution":"/Users/sakshay/Practice/MEANStack/bemeanstack/functions/node_modules/firebase-functions/lib/index.js"} 
[debug] [2020-04-21T10:21:31.635Z] [runtime-status] [25683] firebase-admin has been stubbed. {"adminResolution":{"declared":true,"installed":true,"version":"8.10.0","resolution":"/Users/sakshay/Practice/MEANStack/bemeanstack/functions/node_modules/firebase-admin/lib/index.js"}} 
[info] ✔  functions[application]: http function initialized (http://localhost:5001/bemeanstack/us-central1/application).
[debug] [2020-04-21T10:21:32.292Z] [worker-~diagnostic~-a2dfed76-556d-4c3c-b2ae-5ad2fb6a699f]: IDLE 
[info] >  Connected to the database {"user":"Connected to the database"}
[debug] [2020-04-21T10:23:43.823Z] ----------------------------------------------------------------------
[debug] [2020-04-21T10:23:43.825Z] Command:       /usr/local/bin/node /usr/local/bin/firebase serve --only functions
[debug] [2020-04-21T10:23:43.826Z] CLI Version:   8.1.1
[debug] [2020-04-21T10:23:43.826Z] Platform:      darwin
[debug] [2020-04-21T10:23:43.826Z] Node Version:  v10.16.3
[debug] [2020-04-21T10:23:43.828Z] Time:          Tue Apr 21 2020 15:53:43 GMT+0530 (India Standard Time)
[debug] [2020-04-21T10:23:43.828Z] ----------------------------------------------------------------------
[debug] [2020-04-21T10:23:43.828Z] 
[debug] [2020-04-21T10:23:43.841Z] > command requires scopes: ["email","openid","https://www.googleapis.com/auth/cloudplatformprojects.readonly","https://www.googleapis.com/auth/firebase","https://www.googleapis.com/auth/cloud-platform"]
[debug] [2020-04-21T10:23:43.842Z] > authorizing via signed-in user
[debug] [2020-04-21T10:23:43.842Z] [iam] checking project bemeanstack for permissions ["firebase.projects.get"]
[debug] [2020-04-21T10:23:43.846Z] >>> HTTP REQUEST POST https://cloudresourcemanager.googleapis.com/v1/projects/bemeanstack:testIamPermissions  
 {"permissions":["firebase.projects.get"]}
[debug] [2020-04-21T10:23:46.249Z] <<< HTTP RESPONSE 200 {"content-type":"application/json; charset=UTF-8","vary":"X-Origin, Referer, Origin,Accept-Encoding","date":"Tue, 21 Apr 2020 10:23:45 GMT","server":"ESF","cache-control":"private","x-xss-protection":"0","x-frame-options":"SAMEORIGIN","x-content-type-options":"nosniff","server-timing":"gfet4t7; dur=1614","alt-svc":"quic=\":443\"; ma=2592000; v=\"46,43\",h3-Q050=\":443\"; ma=2592000,h3-Q049=\":443\"; ma=2592000,h3-Q048=\":443\"; ma=2592000,h3-Q046=\":443\"; ma=2592000,h3-Q043=\":443\"; ma=2592000,h3-T050=\":443\"; ma=2592000","accept-ranges":"none","transfer-encoding":"chunked"}
[debug] [2020-04-21T10:23:46.251Z] >>> HTTP REQUEST GET https://firebase.googleapis.com/v1beta1/projects/bemeanstack  
 
[debug] [2020-04-21T10:23:46.773Z] <<< HTTP RESPONSE 200 {"content-type":"application/json; charset=UTF-8","vary":"X-Origin, Referer, Origin,Accept-Encoding","date":"Tue, 21 Apr 2020 10:23:46 GMT","server":"ESF","cache-control":"private","x-xss-protection":"0","x-frame-options":"SAMEORIGIN","x-content-type-options":"nosniff","alt-svc":"quic=\":443\"; ma=2592000; v=\"46,43\",h3-Q050=\":443\"; ma=2592000,h3-Q049=\":443\"; ma=2592000,h3-Q048=\":443\"; ma=2592000,h3-Q046=\":443\"; ma=2592000,h3-Q043=\":443\"; ma=2592000,h3-T050=\":443\"; ma=2592000","accept-ranges":"none","transfer-encoding":"chunked"}
[warn] ⚠  Your requested "node" version "8" doesn't match your global version "10"
[info] ✔  functions: functions emulator started at http://localhost:5000
[info] i  functions: Watching "/Users/sakshay/Practice/MEANStack/bemeanstack/functions" for Cloud Functions...
[debug] [2020-04-21T10:23:46.817Z] [worker-pool] addWorker(~diagnostic~) 
[debug] [2020-04-21T10:23:46.817Z] [worker-pool] Adding worker with key ~diagnostic~, total=1 
[debug] [2020-04-21T10:23:46.817Z] [worker-pool] submitWork(triggerId=) 
[debug] [2020-04-21T10:23:46.818Z] [worker-~diagnostic~-c5b60e51-abee-47a2-b1c3-a01f9bb6b2f9]: Assigning socketPath: /var/folders/0q/dv5gw5vn6bs06d9y82697yr00000gn/T/fire_emu_25705.sock 
[debug] [2020-04-21T10:23:46.818Z] [worker-~diagnostic~-c5b60e51-abee-47a2-b1c3-a01f9bb6b2f9]: BUSY 
[debug] [2020-04-21T10:23:47.396Z] [runtime-status] [25705] Functions runtime initialized. {"cwd":"/Users/sakshay/Practice/MEANStack/bemeanstack/functions","node_version":"10.16.3"} 
[debug] [2020-04-21T10:23:47.398Z] [runtime-status] [25705] Disabled runtime features: undefined 
[debug] [2020-04-21T10:23:47.401Z] [runtime-status] [25705] Resolved module firebase-admin {"declared":true,"installed":true,"version":"8.10.0","resolution":"/Users/sakshay/Practice/MEANStack/bemeanstack/functions/node_modules/firebase-admin/lib/index.js"} 
[debug] [2020-04-21T10:23:47.403Z] [runtime-status] [25705] Resolved module firebase-functions {"declared":true,"installed":true,"version":"3.6.0","resolution":"/Users/sakshay/Practice/MEANStack/bemeanstack/functions/node_modules/firebase-functions/lib/index.js"} 
[debug] [2020-04-21T10:23:47.407Z] [runtime-status] [25705] Outgoing network have been stubbed. [{"name":"http","status":"mocked"},{"name":"http","status":"mocked"},{"name":"https","status":"mocked"},{"name":"https","status":"mocked"},{"name":"net","status":"mocked"}] 
[debug] [2020-04-21T10:23:47.473Z] [runtime-status] [25705] Checked functions.config() {"config":{}} 
[debug] [2020-04-21T10:23:47.474Z] [runtime-status] [25705] Resolved module firebase-functions {"declared":true,"installed":true,"version":"3.6.0","resolution":"/Users/sakshay/Practice/MEANStack/bemeanstack/functions/node_modules/firebase-functions/lib/index.js"} 
[debug] [2020-04-21T10:23:47.474Z] [runtime-status] [25705] Resolved module firebase-admin {"declared":true,"installed":true,"version":"8.10.0","resolution":"/Users/sakshay/Practice/MEANStack/bemeanstack/functions/node_modules/firebase-admin/lib/index.js"} 
[debug] [2020-04-21T10:23:47.475Z] [runtime-status] [25705] Resolved module firebase-functions {"declared":true,"installed":true,"version":"3.6.0","resolution":"/Users/sakshay/Practice/MEANStack/bemeanstack/functions/node_modules/firebase-functions/lib/index.js"} 
[debug] [2020-04-21T10:23:47.475Z] [runtime-status] [25705] firebase-admin has been stubbed. {"adminResolution":{"declared":true,"installed":true,"version":"8.10.0","resolution":"/Users/sakshay/Practice/MEANStack/bemeanstack/functions/node_modules/firebase-admin/lib/index.js"}} 
[info] ✔  functions[application]: http function initialized (http://localhost:5000/bemeanstack/us-central1/application).
[debug] [2020-04-21T10:23:48.150Z] [worker-~diagnostic~-c5b60e51-abee-47a2-b1c3-a01f9bb6b2f9]: IDLE 
[info] >  Connected to the database {"user":"Connected to the database"}
[debug] [2020-04-21T10:26:26.652Z] File /Users/sakshay/Practice/MEANStack/bemeanstack/functions/src/app.js changed, reloading triggers 
[debug] [2020-04-21T10:26:27.656Z] [worker-pool] Shutting down IDLE worker (~diagnostic~) 
[debug] [2020-04-21T10:26:27.656Z] [worker-~diagnostic~-c5b60e51-abee-47a2-b1c3-a01f9bb6b2f9]: FINISHING 
[debug] [2020-04-21T10:26:27.663Z] [worker-pool] addWorker(~diagnostic~) 
[debug] [2020-04-21T10:26:27.664Z] [worker-pool] Adding worker with key ~diagnostic~, total=2 
[debug] [2020-04-21T10:26:27.665Z] [worker-pool] submitWork(triggerId=) 
[debug] [2020-04-21T10:26:27.665Z] [worker-~diagnostic~-3c73f2b6-2a60-4bc4-bc3f-2ca6f3f2360a]: Assigning socketPath: /var/folders/0q/dv5gw5vn6bs06d9y82697yr00000gn/T/fire_emu_25742.sock 
[debug] [2020-04-21T10:26:27.666Z] [worker-~diagnostic~-3c73f2b6-2a60-4bc4-bc3f-2ca6f3f2360a]: BUSY 
[debug] [2020-04-21T10:26:27.668Z] [worker-~diagnostic~-c5b60e51-abee-47a2-b1c3-a01f9bb6b2f9]: exited 
[debug] [2020-04-21T10:26:27.669Z] [worker-~diagnostic~-c5b60e51-abee-47a2-b1c3-a01f9bb6b2f9]: FINISHED 
[debug] [2020-04-21T10:26:28.304Z] [runtime-status] [25742] Functions runtime initialized. {"cwd":"/Users/sakshay/Practice/MEANStack/bemeanstack/functions","node_version":"10.16.3"} 
[debug] [2020-04-21T10:26:28.306Z] [runtime-status] [25742] Disabled runtime features: undefined 
[debug] [2020-04-21T10:26:28.309Z] [runtime-status] [25742] Resolved module firebase-admin {"declared":true,"installed":true,"version":"8.10.0","resolution":"/Users/sakshay/Practice/MEANStack/bemeanstack/functions/node_modules/firebase-admin/lib/index.js"} 
[debug] [2020-04-21T10:26:28.310Z] [runtime-status] [25742] Resolved module firebase-functions {"declared":true,"installed":true,"version":"3.6.0","resolution":"/Users/sakshay/Practice/MEANStack/bemeanstack/functions/node_modules/firebase-functions/lib/index.js"} 
[debug] [2020-04-21T10:26:28.314Z] [runtime-status] [25742] Outgoing network have been stubbed. [{"name":"http","status":"mocked"},{"name":"http","status":"mocked"},{"name":"https","status":"mocked"},{"name":"https","status":"mocked"},{"name":"net","status":"mocked"}] 
[debug] [2020-04-21T10:26:28.383Z] [runtime-status] [25742] Checked functions.config() {"config":{}} 
[debug] [2020-04-21T10:26:28.386Z] [runtime-status] [25742] Resolved module firebase-functions {"declared":true,"installed":true,"version":"3.6.0","resolution":"/Users/sakshay/Practice/MEANStack/bemeanstack/functions/node_modules/firebase-functions/lib/index.js"} 
[debug] [2020-04-21T10:26:28.387Z] [runtime-status] [25742] Resolved module firebase-admin {"declared":true,"installed":true,"version":"8.10.0","resolution":"/Users/sakshay/Practice/MEANStack/bemeanstack/functions/node_modules/firebase-admin/lib/index.js"} 
[debug] [2020-04-21T10:26:28.387Z] [runtime-status] [25742] Resolved module firebase-functions {"declared":true,"installed":true,"version":"3.6.0","resolution":"/Users/sakshay/Practice/MEANStack/bemeanstack/functions/node_modules/firebase-functions/lib/index.js"} 
[debug] [2020-04-21T10:26:28.387Z] [runtime-status] [25742] firebase-admin has been stubbed. {"adminResolution":{"declared":true,"installed":true,"version":"8.10.0","resolution":"/Users/sakshay/Practice/MEANStack/bemeanstack/functions/node_modules/firebase-admin/lib/index.js"}} 
[debug] [2020-04-21T10:26:29.028Z] [worker-~diagnostic~-3c73f2b6-2a60-4bc4-bc3f-2ca6f3f2360a]: IDLE 
[debug] [2020-04-21T10:26:29.182Z] File /Users/sakshay/Practice/MEANStack/bemeanstack/functions/src/app.js changed, reloading triggers 
[info] >  Connected to the database {"user":"Connected to the database"}
[debug] [2020-04-21T10:26:30.187Z] [worker-pool] Shutting down IDLE worker (~diagnostic~) 
[debug] [2020-04-21T10:26:30.187Z] [worker-~diagnostic~-3c73f2b6-2a60-4bc4-bc3f-2ca6f3f2360a]: FINISHING 
[debug] [2020-04-21T10:26:30.187Z] [worker-pool] Cleaned up workers for ~diagnostic~: 2 --> 1 
[debug] [2020-04-21T10:26:30.190Z] [worker-pool] addWorker(~diagnostic~) 
[debug] [2020-04-21T10:26:30.190Z] [worker-pool] Adding worker with key ~diagnostic~, total=2 
[debug] [2020-04-21T10:26:30.190Z] [worker-pool] submitWork(triggerId=) 
[debug] [2020-04-21T10:26:30.190Z] [worker-~diagnostic~-7fd7b4f3-7dac-4f05-803c-2aa3794e7cb8]: Assigning socketPath: /var/folders/0q/dv5gw5vn6bs06d9y82697yr00000gn/T/fire_emu_25746.sock 
[debug] [2020-04-21T10:26:30.190Z] [worker-~diagnostic~-7fd7b4f3-7dac-4f05-803c-2aa3794e7cb8]: BUSY 
[debug] [2020-04-21T10:26:30.194Z] [worker-~diagnostic~-3c73f2b6-2a60-4bc4-bc3f-2ca6f3f2360a]: exited 
[debug] [2020-04-21T10:26:30.194Z] [worker-~diagnostic~-3c73f2b6-2a60-4bc4-bc3f-2ca6f3f2360a]: FINISHED 
[debug] [2020-04-21T10:26:30.472Z] [runtime-status] [25746] Functions runtime initialized. {"cwd":"/Users/sakshay/Practice/MEANStack/bemeanstack/functions","node_version":"10.16.3"} 
[debug] [2020-04-21T10:26:30.474Z] [runtime-status] [25746] Disabled runtime features: undefined 
[debug] [2020-04-21T10:26:30.476Z] [runtime-status] [25746] Resolved module firebase-admin {"declared":true,"installed":true,"version":"8.10.0","resolution":"/Users/sakshay/Practice/MEANStack/bemeanstack/functions/node_modules/firebase-admin/lib/index.js"} 
[debug] [2020-04-21T10:26:30.477Z] [runtime-status] [25746] Resolved module firebase-functions {"declared":true,"installed":true,"version":"3.6.0","resolution":"/Users/sakshay/Practice/MEANStack/bemeanstack/functions/node_modules/firebase-functions/lib/index.js"} 
[debug] [2020-04-21T10:26:30.480Z] [runtime-status] [25746] Outgoing network have been stubbed. [{"name":"http","status":"mocked"},{"name":"http","status":"mocked"},{"name":"https","status":"mocked"},{"name":"https","status":"mocked"},{"name":"net","status":"mocked"}] 
[debug] [2020-04-21T10:26:30.510Z] [runtime-status] [25746] Checked functions.config() {"config":{}} 
[debug] [2020-04-21T10:26:30.511Z] [runtime-status] [25746] Resolved module firebase-functions {"declared":true,"installed":true,"version":"3.6.0","resolution":"/Users/sakshay/Practice/MEANStack/bemeanstack/functions/node_modules/firebase-functions/lib/index.js"} 
[debug] [2020-04-21T10:26:30.511Z] [runtime-status] [25746] Resolved module firebase-admin {"declared":true,"installed":true,"version":"8.10.0","resolution":"/Users/sakshay/Practice/MEANStack/bemeanstack/functions/node_modules/firebase-admin/lib/index.js"} 
[debug] [2020-04-21T10:26:30.511Z] [runtime-status] [25746] Resolved module firebase-functions {"declared":true,"installed":true,"version":"3.6.0","resolution":"/Users/sakshay/Practice/MEANStack/bemeanstack/functions/node_modules/firebase-functions/lib/index.js"} 
[debug] [2020-04-21T10:26:30.512Z] [runtime-status] [25746] firebase-admin has been stubbed. {"adminResolution":{"declared":true,"installed":true,"version":"8.10.0","resolution":"/Users/sakshay/Practice/MEANStack/bemeanstack/functions/node_modules/firebase-admin/lib/index.js"}} 
[debug] [2020-04-21T10:26:30.798Z] [worker-~diagnostic~-7fd7b4f3-7dac-4f05-803c-2aa3794e7cb8]: IDLE 
[info] >  Connected to the database {"user":"Connected to the database"}
[debug] [2020-04-21T10:26:34.100Z] File /Users/sakshay/Practice/MEANStack/bemeanstack/functions/src/app.js changed, reloading triggers 
[debug] [2020-04-21T10:26:35.104Z] [worker-pool] Shutting down IDLE worker (~diagnostic~) 
[debug] [2020-04-21T10:26:35.105Z] [worker-~diagnostic~-7fd7b4f3-7dac-4f05-803c-2aa3794e7cb8]: FINISHING 
[debug] [2020-04-21T10:26:35.105Z] [worker-pool] Cleaned up workers for ~diagnostic~: 2 --> 1 
[debug] [2020-04-21T10:26:35.111Z] [worker-pool] addWorker(~diagnostic~) 
[debug] [2020-04-21T10:26:35.111Z] [worker-pool] Adding worker with key ~diagnostic~, total=2 
[debug] [2020-04-21T10:26:35.111Z] [worker-pool] submitWork(triggerId=) 
[debug] [2020-04-21T10:26:35.112Z] [worker-~diagnostic~-9c503baa-7eff-4224-9a3a-30de7addcf65]: Assigning socketPath: /var/folders/0q/dv5gw5vn6bs06d9y82697yr00000gn/T/fire_emu_25749.sock 
[debug] [2020-04-21T10:26:35.112Z] [worker-~diagnostic~-9c503baa-7eff-4224-9a3a-30de7addcf65]: BUSY 
[debug] [2020-04-21T10:26:35.116Z] [worker-~diagnostic~-7fd7b4f3-7dac-4f05-803c-2aa3794e7cb8]: exited 
[debug] [2020-04-21T10:26:35.116Z] [worker-~diagnostic~-7fd7b4f3-7dac-4f05-803c-2aa3794e7cb8]: FINISHED 
[debug] [2020-04-21T10:26:35.407Z] [runtime-status] [25749] Functions runtime initialized. {"cwd":"/Users/sakshay/Practice/MEANStack/bemeanstack/functions","node_version":"10.16.3"} 
[debug] [2020-04-21T10:26:35.409Z] [runtime-status] [25749] Disabled runtime features: undefined 
[debug] [2020-04-21T10:26:35.411Z] [runtime-status] [25749] Resolved module firebase-admin {"declared":true,"installed":true,"version":"8.10.0","resolution":"/Users/sakshay/Practice/MEANStack/bemeanstack/functions/node_modules/firebase-admin/lib/index.js"} 
[debug] [2020-04-21T10:26:35.412Z] [runtime-status] [25749] Resolved module firebase-functions {"declared":true,"installed":true,"version":"3.6.0","resolution":"/Users/sakshay/Practice/MEANStack/bemeanstack/functions/node_modules/firebase-functions/lib/index.js"} 
[debug] [2020-04-21T10:26:35.415Z] [runtime-status] [25749] Outgoing network have been stubbed. [{"name":"http","status":"mocked"},{"name":"http","status":"mocked"},{"name":"https","status":"mocked"},{"name":"https","status":"mocked"},{"name":"net","status":"mocked"}] 
[debug] [2020-04-21T10:26:35.443Z] [runtime-status] [25749] Checked functions.config() {"config":{}} 
[debug] [2020-04-21T10:26:35.444Z] [runtime-status] [25749] Resolved module firebase-functions {"declared":true,"installed":true,"version":"3.6.0","resolution":"/Users/sakshay/Practice/MEANStack/bemeanstack/functions/node_modules/firebase-functions/lib/index.js"} 
[debug] [2020-04-21T10:26:35.445Z] [runtime-status] [25749] Resolved module firebase-admin {"declared":true,"installed":true,"version":"8.10.0","resolution":"/Users/sakshay/Practice/MEANStack/bemeanstack/functions/node_modules/firebase-admin/lib/index.js"} 
[debug] [2020-04-21T10:26:35.445Z] [runtime-status] [25749] Resolved module firebase-functions {"declared":true,"installed":true,"version":"3.6.0","resolution":"/Users/sakshay/Practice/MEANStack/bemeanstack/functions/node_modules/firebase-functions/lib/index.js"} 
[debug] [2020-04-21T10:26:35.445Z] [runtime-status] [25749] firebase-admin has been stubbed. {"adminResolution":{"declared":true,"installed":true,"version":"8.10.0","resolution":"/Users/sakshay/Practice/MEANStack/bemeanstack/functions/node_modules/firebase-admin/lib/index.js"}} 
[debug] [2020-04-21T10:26:35.705Z] [worker-~diagnostic~-9c503baa-7eff-4224-9a3a-30de7addcf65]: IDLE 
[info] >  Connected to the database {"user":"Connected to the database"}
[debug] [2020-04-21T10:26:56.276Z] File /Users/sakshay/Practice/MEANStack/bemeanstack/functions/src/app.js changed, reloading triggers 
[debug] [2020-04-21T10:26:57.278Z] [worker-pool] Shutting down IDLE worker (~diagnostic~) 
[debug] [2020-04-21T10:26:57.278Z] [worker-~diagnostic~-9c503baa-7eff-4224-9a3a-30de7addcf65]: FINISHING 
[debug] [2020-04-21T10:26:57.279Z] [worker-pool] Cleaned up workers for ~diagnostic~: 2 --> 1 
[debug] [2020-04-21T10:26:57.285Z] [worker-pool] addWorker(~diagnostic~) 
[debug] [2020-04-21T10:26:57.285Z] [worker-pool] Adding worker with key ~diagnostic~, total=2 
[debug] [2020-04-21T10:26:57.285Z] [worker-pool] submitWork(triggerId=) 
[debug] [2020-04-21T10:26:57.286Z] [worker-~diagnostic~-6ab936b6-c194-4bb5-be6e-797d166f1047]: Assigning socketPath: /var/folders/0q/dv5gw5vn6bs06d9y82697yr00000gn/T/fire_emu_25760.sock 
[debug] [2020-04-21T10:26:57.286Z] [worker-~diagnostic~-6ab936b6-c194-4bb5-be6e-797d166f1047]: BUSY 
[debug] [2020-04-21T10:26:57.293Z] [worker-~diagnostic~-9c503baa-7eff-4224-9a3a-30de7addcf65]: exited 
[debug] [2020-04-21T10:26:57.293Z] [worker-~diagnostic~-9c503baa-7eff-4224-9a3a-30de7addcf65]: FINISHED 
[debug] [2020-04-21T10:26:57.910Z] [runtime-status] [25760] Functions runtime initialized. {"cwd":"/Users/sakshay/Practice/MEANStack/bemeanstack/functions","node_version":"10.16.3"} 
[debug] [2020-04-21T10:26:57.913Z] [runtime-status] [25760] Disabled runtime features: undefined 
[debug] [2020-04-21T10:26:57.916Z] [runtime-status] [25760] Resolved module firebase-admin {"declared":true,"installed":true,"version":"8.10.0","resolution":"/Users/sakshay/Practice/MEANStack/bemeanstack/functions/node_modules/firebase-admin/lib/index.js"} 
[debug] [2020-04-21T10:26:57.917Z] [runtime-status] [25760] Resolved module firebase-functions {"declared":true,"installed":true,"version":"3.6.0","resolution":"/Users/sakshay/Practice/MEANStack/bemeanstack/functions/node_modules/firebase-functions/lib/index.js"} 
[debug] [2020-04-21T10:26:57.921Z] [runtime-status] [25760] Outgoing network have been stubbed. [{"name":"http","status":"mocked"},{"name":"http","status":"mocked"},{"name":"https","status":"mocked"},{"name":"https","status":"mocked"},{"name":"net","status":"mocked"}] 
[debug] [2020-04-21T10:26:57.969Z] [runtime-status] [25760] Checked functions.config() {"config":{}} 
[debug] [2020-04-21T10:26:57.970Z] [runtime-status] [25760] Resolved module firebase-functions {"declared":true,"installed":true,"version":"3.6.0","resolution":"/Users/sakshay/Practice/MEANStack/bemeanstack/functions/node_modules/firebase-functions/lib/index.js"} 
[debug] [2020-04-21T10:26:57.971Z] [runtime-status] [25760] Resolved module firebase-admin {"declared":true,"installed":true,"version":"8.10.0","resolution":"/Users/sakshay/Practice/MEANStack/bemeanstack/functions/node_modules/firebase-admin/lib/index.js"} 
[debug] [2020-04-21T10:26:57.971Z] [runtime-status] [25760] Resolved module firebase-functions {"declared":true,"installed":true,"version":"3.6.0","resolution":"/Users/sakshay/Practice/MEANStack/bemeanstack/functions/node_modules/firebase-functions/lib/index.js"} 
[debug] [2020-04-21T10:26:57.971Z] [runtime-status] [25760] firebase-admin has been stubbed. {"adminResolution":{"declared":true,"installed":true,"version":"8.10.0","resolution":"/Users/sakshay/Practice/MEANStack/bemeanstack/functions/node_modules/firebase-admin/lib/index.js"}} 
[debug] [2020-04-21T10:26:58.521Z] [worker-~diagnostic~-6ab936b6-c194-4bb5-be6e-797d166f1047]: IDLE 
[info] >  Connected to the database {"user":"Connected to the database"}
[debug] [2020-04-21T10:27:54.729Z] ----------------------------------------------------------------------
[debug] [2020-04-21T10:27:54.730Z] Command:       /usr/local/bin/node /usr/local/bin/firebase serve --only functions,hosting
[debug] [2020-04-21T10:27:54.731Z] CLI Version:   8.1.1
[debug] [2020-04-21T10:27:54.731Z] Platform:      darwin
[debug] [2020-04-21T10:27:54.731Z] Node Version:  v10.16.3
[debug] [2020-04-21T10:27:54.732Z] Time:          Tue Apr 21 2020 15:57:54 GMT+0530 (India Standard Time)
[debug] [2020-04-21T10:27:54.732Z] ----------------------------------------------------------------------
[debug] [2020-04-21T10:27:54.732Z] 
[debug] [2020-04-21T10:27:54.744Z] > command requires scopes: ["email","openid","https://www.googleapis.com/auth/cloudplatformprojects.readonly","https://www.googleapis.com/auth/firebase","https://www.googleapis.com/auth/cloud-platform"]
[debug] [2020-04-21T10:27:54.745Z] > authorizing via signed-in user
[debug] [2020-04-21T10:27:54.745Z] [iam] checking project bemeanstack for permissions ["firebase.projects.get"]
[debug] [2020-04-21T10:27:54.748Z] >>> HTTP REQUEST POST https://cloudresourcemanager.googleapis.com/v1/projects/bemeanstack:testIamPermissions  
 {"permissions":["firebase.projects.get"]}
[debug] [2020-04-21T10:27:56.827Z] <<< HTTP RESPONSE 200 {"content-type":"application/json; charset=UTF-8","vary":"X-Origin, Referer, Origin,Accept-Encoding","date":"Tue, 21 Apr 2020 10:27:56 GMT","server":"ESF","cache-control":"private","x-xss-protection":"0","x-frame-options":"SAMEORIGIN","x-content-type-options":"nosniff","server-timing":"gfet4t7; dur=1579","alt-svc":"quic=\":443\"; ma=2592000; v=\"46,43\",h3-Q050=\":443\"; ma=2592000,h3-Q049=\":443\"; ma=2592000,h3-Q048=\":443\"; ma=2592000,h3-Q046=\":443\"; ma=2592000,h3-Q043=\":443\"; ma=2592000,h3-T050=\":443\"; ma=2592000","accept-ranges":"none","transfer-encoding":"chunked"}
[debug] [2020-04-21T10:27:56.830Z] >>> HTTP REQUEST GET https://firebase.googleapis.com/v1beta1/projects/bemeanstack  
 
[debug] [2020-04-21T10:27:57.424Z] <<< HTTP RESPONSE 200 {"content-type":"application/json; charset=UTF-8","vary":"X-Origin, Referer, Origin,Accept-Encoding","date":"Tue, 21 Apr 2020 10:27:57 GMT","server":"ESF","cache-control":"private","x-xss-protection":"0","x-frame-options":"SAMEORIGIN","x-content-type-options":"nosniff","alt-svc":"quic=\":443\"; ma=2592000; v=\"46,43\",h3-Q050=\":443\"; ma=2592000,h3-Q049=\":443\"; ma=2592000,h3-Q048=\":443\"; ma=2592000,h3-Q046=\":443\"; ma=2592000,h3-Q043=\":443\"; ma=2592000,h3-T050=\":443\"; ma=2592000","accept-ranges":"none","transfer-encoding":"chunked"}
[debug] [2020-04-21T10:27:57.430Z] >>> HTTP REQUEST GET https://firebase.googleapis.com/v1beta1/projects/bemeanstack/webApps/-/config  
 
[warn] ⚠  Your requested "node" version "8" doesn't match your global version "10"
[info] ✔  functions: functions emulator started at http://localhost:5001
[debug] [2020-04-21T10:27:58.552Z] <<< HTTP RESPONSE 200 {"content-type":"application/json; charset=UTF-8","vary":"X-Origin, Referer, Origin,Accept-Encoding","date":"Tue, 21 Apr 2020 10:27:58 GMT","server":"ESF","cache-control":"private","x-xss-protection":"0","x-frame-options":"SAMEORIGIN","x-content-type-options":"nosniff","alt-svc":"quic=\":443\"; ma=2592000; v=\"46,43\",h3-Q050=\":443\"; ma=2592000,h3-Q049=\":443\"; ma=2592000,h3-Q048=\":443\"; ma=2592000,h3-Q046=\":443\"; ma=2592000,h3-Q043=\":443\"; ma=2592000,h3-T050=\":443\"; ma=2592000","accept-ranges":"none","transfer-encoding":"chunked"}
[info] i  functions: Watching "/Users/sakshay/Practice/MEANStack/bemeanstack/functions" for Cloud Functions...
[debug] [2020-04-21T10:27:58.602Z] [worker-pool] addWorker(~diagnostic~) 
[debug] [2020-04-21T10:27:58.604Z] [worker-pool] Adding worker with key ~diagnostic~, total=1 
[debug] [2020-04-21T10:27:58.604Z] [worker-pool] submitWork(triggerId=) 
[debug] [2020-04-21T10:27:58.606Z] [worker-~diagnostic~-00112861-3c15-483c-bd02-d5ce232fa63e]: Assigning socketPath: /var/folders/0q/dv5gw5vn6bs06d9y82697yr00000gn/T/fire_emu_25782.sock 
[debug] [2020-04-21T10:27:58.607Z] [worker-~diagnostic~-00112861-3c15-483c-bd02-d5ce232fa63e]: BUSY 
[info] i  hosting: Serving hosting files from: dist/bemeanstack
[info] ✔  hosting: Local server: http://localhost:5000
[debug] [2020-04-21T10:27:58.887Z] [runtime-status] [25782] Functions runtime initialized. {"cwd":"/Users/sakshay/Practice/MEANStack/bemeanstack/functions","node_version":"10.16.3"} 
[debug] [2020-04-21T10:27:58.888Z] [runtime-status] [25782] Disabled runtime features: undefined 
[debug] [2020-04-21T10:27:58.892Z] [runtime-status] [25782] Resolved module firebase-admin {"declared":true,"installed":true,"version":"8.10.0","resolution":"/Users/sakshay/Practice/MEANStack/bemeanstack/functions/node_modules/firebase-admin/lib/index.js"} 
[debug] [2020-04-21T10:27:58.894Z] [runtime-status] [25782] Resolved module firebase-functions {"declared":true,"installed":true,"version":"3.6.0","resolution":"/Users/sakshay/Practice/MEANStack/bemeanstack/functions/node_modules/firebase-functions/lib/index.js"} 
[debug] [2020-04-21T10:27:58.898Z] [runtime-status] [25782] Outgoing network have been stubbed. [{"name":"http","status":"mocked"},{"name":"http","status":"mocked"},{"name":"https","status":"mocked"},{"name":"https","status":"mocked"},{"name":"net","status":"mocked"}] 
[debug] [2020-04-21T10:27:58.986Z] [runtime-status] [25782] Checked functions.config() {"config":{}} 
[debug] [2020-04-21T10:27:58.987Z] [runtime-status] [25782] Resolved module firebase-functions {"declared":true,"installed":true,"version":"3.6.0","resolution":"/Users/sakshay/Practice/MEANStack/bemeanstack/functions/node_modules/firebase-functions/lib/index.js"} 
[debug] [2020-04-21T10:27:58.988Z] [runtime-status] [25782] Resolved module firebase-admin {"declared":true,"installed":true,"version":"8.10.0","resolution":"/Users/sakshay/Practice/MEANStack/bemeanstack/functions/node_modules/firebase-admin/lib/index.js"} 
[debug] [2020-04-21T10:27:58.988Z] [runtime-status] [25782] Resolved module firebase-functions {"declared":true,"installed":true,"version":"3.6.0","resolution":"/Users/sakshay/Practice/MEANStack/bemeanstack/functions/node_modules/firebase-functions/lib/index.js"} 
[debug] [2020-04-21T10:27:58.988Z] [runtime-status] [25782] firebase-admin has been stubbed. {"adminResolution":{"declared":true,"installed":true,"version":"8.10.0","resolution":"/Users/sakshay/Practice/MEANStack/bemeanstack/functions/node_modules/firebase-admin/lib/index.js"}} 
[info] ✔  functions[application]: http function initialized (http://localhost:5001/bemeanstack/us-central1/application).
[debug] [2020-04-21T10:27:59.724Z] [worker-~diagnostic~-00112861-3c15-483c-bd02-d5ce232fa63e]: IDLE 
[info] >  Connected to the database {"user":"Connected to the database"}
[debug] [2020-04-21T10:30:25.258Z] ----------------------------------------------------------------------
[debug] [2020-04-21T10:30:25.260Z] Command:       /usr/local/bin/node /usr/local/bin/firebase serve --only functions
[debug] [2020-04-21T10:30:25.261Z] CLI Version:   8.1.1
[debug] [2020-04-21T10:30:25.261Z] Platform:      darwin
[debug] [2020-04-21T10:30:25.261Z] Node Version:  v10.16.3
[debug] [2020-04-21T10:30:25.262Z] Time:          Tue Apr 21 2020 16:00:25 GMT+0530 (India Standard Time)
[debug] [2020-04-21T10:30:25.262Z] ----------------------------------------------------------------------
[debug] [2020-04-21T10:30:25.262Z] 
[debug] [2020-04-21T10:30:25.274Z] > command requires scopes: ["email","openid","https://www.googleapis.com/auth/cloudplatformprojects.readonly","https://www.googleapis.com/auth/firebase","https://www.googleapis.com/auth/cloud-platform"]
[debug] [2020-04-21T10:30:25.275Z] > authorizing via signed-in user
[debug] [2020-04-21T10:30:25.275Z] [iam] checking project bemeanstack for permissions ["firebase.projects.get"]
[debug] [2020-04-21T10:30:25.278Z] >>> HTTP REQUEST POST https://cloudresourcemanager.googleapis.com/v1/projects/bemeanstack:testIamPermissions  
 {"permissions":["firebase.projects.get"]}
[debug] [2020-04-21T10:30:26.116Z] <<< HTTP RESPONSE 200 {"content-type":"application/json; charset=UTF-8","vary":"X-Origin, Referer, Origin,Accept-Encoding","date":"Tue, 21 Apr 2020 10:30:25 GMT","server":"ESF","cache-control":"private","x-xss-protection":"0","x-frame-options":"SAMEORIGIN","x-content-type-options":"nosniff","server-timing":"gfet4t7; dur=277","alt-svc":"quic=\":443\"; ma=2592000; v=\"46,43\",h3-Q050=\":443\"; ma=2592000,h3-Q049=\":443\"; ma=2592000,h3-Q048=\":443\"; ma=2592000,h3-Q046=\":443\"; ma=2592000,h3-Q043=\":443\"; ma=2592000,h3-T050=\":443\"; ma=2592000","accept-ranges":"none","transfer-encoding":"chunked"}
[debug] [2020-04-21T10:30:26.118Z] >>> HTTP REQUEST GET https://firebase.googleapis.com/v1beta1/projects/bemeanstack  
 
[debug] [2020-04-21T10:30:26.606Z] <<< HTTP RESPONSE 200 {"content-type":"application/json; charset=UTF-8","vary":"X-Origin, Referer, Origin,Accept-Encoding","date":"Tue, 21 Apr 2020 10:30:26 GMT","server":"ESF","cache-control":"private","x-xss-protection":"0","x-frame-options":"SAMEORIGIN","x-content-type-options":"nosniff","alt-svc":"quic=\":443\"; ma=2592000; v=\"46,43\",h3-Q050=\":443\"; ma=2592000,h3-Q049=\":443\"; ma=2592000,h3-Q048=\":443\"; ma=2592000,h3-Q046=\":443\"; ma=2592000,h3-Q043=\":443\"; ma=2592000,h3-T050=\":443\"; ma=2592000","accept-ranges":"none","transfer-encoding":"chunked"}
[warn] ⚠  Your requested "node" version "8" doesn't match your global version "10"
[info] ✔  functions: functions emulator started at http://localhost:5000
[info] i  functions: Watching "/Users/sakshay/Practice/MEANStack/bemeanstack/functions" for Cloud Functions...
[debug] [2020-04-21T10:30:26.643Z] [worker-pool] addWorker(~diagnostic~) 
[debug] [2020-04-21T10:30:26.644Z] [worker-pool] Adding worker with key ~diagnostic~, total=1 
[debug] [2020-04-21T10:30:26.644Z] [worker-pool] submitWork(triggerId=) 
[debug] [2020-04-21T10:30:26.644Z] [worker-~diagnostic~-cec86b18-4a81-4a8b-a43c-f33fdf395bd7]: Assigning socketPath: /var/folders/0q/dv5gw5vn6bs06d9y82697yr00000gn/T/fire_emu_25803.sock 
[debug] [2020-04-21T10:30:26.645Z] [worker-~diagnostic~-cec86b18-4a81-4a8b-a43c-f33fdf395bd7]: BUSY 
[debug] [2020-04-21T10:30:26.951Z] [runtime-status] [25803] Functions runtime initialized. {"cwd":"/Users/sakshay/Practice/MEANStack/bemeanstack/functions","node_version":"10.16.3"} 
[debug] [2020-04-21T10:30:26.953Z] [runtime-status] [25803] Disabled runtime features: undefined 
[debug] [2020-04-21T10:30:26.955Z] [runtime-status] [25803] Resolved module firebase-admin {"declared":true,"installed":true,"version":"8.10.0","resolution":"/Users/sakshay/Practice/MEANStack/bemeanstack/functions/node_modules/firebase-admin/lib/index.js"} 
[debug] [2020-04-21T10:30:26.957Z] [runtime-status] [25803] Resolved module firebase-functions {"declared":true,"installed":true,"version":"3.6.0","resolution":"/Users/sakshay/Practice/MEANStack/bemeanstack/functions/node_modules/firebase-functions/lib/index.js"} 
[debug] [2020-04-21T10:30:26.960Z] [runtime-status] [25803] Outgoing network have been stubbed. [{"name":"http","status":"mocked"},{"name":"http","status":"mocked"},{"name":"https","status":"mocked"},{"name":"https","status":"mocked"},{"name":"net","status":"mocked"}] 
[debug] [2020-04-21T10:30:27.043Z] [runtime-status] [25803] Checked functions.config() {"config":{}} 
[debug] [2020-04-21T10:30:27.044Z] [runtime-status] [25803] Resolved module firebase-functions {"declared":true,"installed":true,"version":"3.6.0","resolution":"/Users/sakshay/Practice/MEANStack/bemeanstack/functions/node_modules/firebase-functions/lib/index.js"} 
[debug] [2020-04-21T10:30:27.045Z] [runtime-status] [25803] Resolved module firebase-admin {"declared":true,"installed":true,"version":"8.10.0","resolution":"/Users/sakshay/Practice/MEANStack/bemeanstack/functions/node_modules/firebase-admin/lib/index.js"} 
[debug] [2020-04-21T10:30:27.045Z] [runtime-status] [25803] Resolved module firebase-functions {"declared":true,"installed":true,"version":"3.6.0","resolution":"/Users/sakshay/Practice/MEANStack/bemeanstack/functions/node_modules/firebase-functions/lib/index.js"} 
[debug] [2020-04-21T10:30:27.046Z] [runtime-status] [25803] firebase-admin has been stubbed. {"adminResolution":{"declared":true,"installed":true,"version":"8.10.0","resolution":"/Users/sakshay/Practice/MEANStack/bemeanstack/functions/node_modules/firebase-admin/lib/index.js"}} 
[info] ✔  functions[application]: http function initialized (http://localhost:5000/bemeanstack/us-central1/application).
[debug] [2020-04-21T10:30:27.834Z] [worker-~diagnostic~-cec86b18-4a81-4a8b-a43c-f33fdf395bd7]: IDLE 
[info] >  Connected to the database {"user":"Connected to the database"}
[debug] [2020-04-21T10:30:51.460Z] [work-queue] {"queueLength":1,"workRunningCount":0}
[debug] [2020-04-21T10:30:51.461Z] [work-queue] {"queueLength":0,"workRunningCount":1}
[debug] [2020-04-21T10:30:51.462Z] Accepted request GET /bemeanstack/us-central1/application --> application
[debug] [2020-04-21T10:30:51.471Z] [worker-pool] addWorker(application) 
[debug] [2020-04-21T10:30:51.471Z] [worker-pool] Adding worker with key application, total=1 
[debug] [2020-04-21T10:30:51.471Z] [worker-pool] submitWork(triggerId=application) 
[debug] [2020-04-21T10:30:51.472Z] [worker-application-1b58f0f1-ee7a-4191-b4f8-46c72d5b8b10]: Assigning socketPath: /var/folders/0q/dv5gw5vn6bs06d9y82697yr00000gn/T/fire_emu_25805.sock 
[debug] [2020-04-21T10:30:51.472Z] [worker-application-1b58f0f1-ee7a-4191-b4f8-46c72d5b8b10]: BUSY 
[debug] [2020-04-21T10:30:51.957Z] [runtime-status] [25805] Functions runtime initialized. {"cwd":"/Users/sakshay/Practice/MEANStack/bemeanstack/functions","node_version":"10.16.3"} 
[debug] [2020-04-21T10:30:51.959Z] [runtime-status] [25805] Disabled runtime features: undefined 
[debug] [2020-04-21T10:30:51.962Z] [runtime-status] [25805] Resolved module firebase-admin {"declared":true,"installed":true,"version":"8.10.0","resolution":"/Users/sakshay/Practice/MEANStack/bemeanstack/functions/node_modules/firebase-admin/lib/index.js"} 
[debug] [2020-04-21T10:30:51.964Z] [runtime-status] [25805] Resolved module firebase-functions {"declared":true,"installed":true,"version":"3.6.0","resolution":"/Users/sakshay/Practice/MEANStack/bemeanstack/functions/node_modules/firebase-functions/lib/index.js"} 
[debug] [2020-04-21T10:30:51.968Z] [runtime-status] [25805] Outgoing network have been stubbed. [{"name":"http","status":"mocked"},{"name":"http","status":"mocked"},{"name":"https","status":"mocked"},{"name":"https","status":"mocked"},{"name":"net","status":"mocked"}] 
[debug] [2020-04-21T10:30:52.022Z] [runtime-status] [25805] Checked functions.config() {"config":{}} 
[debug] [2020-04-21T10:30:52.023Z] [runtime-status] [25805] Resolved module firebase-functions {"declared":true,"installed":true,"version":"3.6.0","resolution":"/Users/sakshay/Practice/MEANStack/bemeanstack/functions/node_modules/firebase-functions/lib/index.js"} 
[debug] [2020-04-21T10:30:52.024Z] [runtime-status] [25805] Resolved module firebase-admin {"declared":true,"installed":true,"version":"8.10.0","resolution":"/Users/sakshay/Practice/MEANStack/bemeanstack/functions/node_modules/firebase-admin/lib/index.js"} 
[debug] [2020-04-21T10:30:52.024Z] [runtime-status] [25805] Resolved module firebase-functions {"declared":true,"installed":true,"version":"3.6.0","resolution":"/Users/sakshay/Practice/MEANStack/bemeanstack/functions/node_modules/firebase-functions/lib/index.js"} 
[debug] [2020-04-21T10:30:52.024Z] [runtime-status] [25805] firebase-admin has been stubbed. {"adminResolution":{"declared":true,"installed":true,"version":"8.10.0","resolution":"/Users/sakshay/Practice/MEANStack/bemeanstack/functions/node_modules/firebase-admin/lib/index.js"}} 
[debug] [2020-04-21T10:30:52.615Z] [runtime-status] [25805] Trigger "application" has been found, beginning invocation! 
[info] i  functions: Beginning execution of "application"
[debug] [2020-04-21T10:30:52.615Z] [runtime-status] [25805] triggerDefinition {"httpsTrigger":{},"name":"application","entryPoint":"application"} 
[debug] [2020-04-21T10:30:52.615Z] [runtime-status] [25805] Running application in mode HTTPS 
[debug] [2020-04-21T10:30:52.621Z] [runtime-status] [25805] Attempting to listen to socketPath: /var/folders/0q/dv5gw5vn6bs06d9y82697yr00000gn/T/fire_emu_25805.sock 
[debug] [2020-04-21T10:30:52.626Z] [functions] Runtime ready! Sending request! 
[debug] [2020-04-21T10:30:52.633Z] [runtime-status] [25805] Ephemeral server handling GET request 
[info] >  / this is a middleware {"user":"/ this is a middleware"}
[info] >  undefined {"user":"undefined"}
[debug] [2020-04-21T10:30:52.640Z] [runtime-status] [25805] Ephemeral server survived. 
[info] i  functions: Finished "application" in ~1s
[debug] [2020-04-21T10:30:52.642Z] [worker-application-1b58f0f1-ee7a-4191-b4f8-46c72d5b8b10]: IDLE 
[debug] [2020-04-21T10:30:52.642Z] [work-queue] {"queueLength":0,"workRunningCount":0}
[info] >  Connected to the database {"user":"Connected to the database"}
[debug] [2020-04-21T10:31:03.220Z] [work-queue] {"queueLength":1,"workRunningCount":0}
[debug] [2020-04-21T10:31:03.220Z] [work-queue] {"queueLength":0,"workRunningCount":1}
[debug] [2020-04-21T10:31:03.220Z] Accepted request GET /bemeanstack/us-central1/application/ --> application
[debug] [2020-04-21T10:31:03.220Z] [worker-pool] submitWork(triggerId=application) 
[debug] [2020-04-21T10:31:03.220Z] [worker-application-1b58f0f1-ee7a-4191-b4f8-46c72d5b8b10]: Assigning socketPath: /var/folders/0q/dv5gw5vn6bs06d9y82697yr00000gn/T/fire_emu_25805.sock 
[debug] [2020-04-21T10:31:03.220Z] [worker-application-1b58f0f1-ee7a-4191-b4f8-46c72d5b8b10]: BUSY 
[debug] [2020-04-21T10:31:03.221Z] [runtime-status] [25805] Trigger "application" has been found, beginning invocation! 
[info] i  functions: Beginning execution of "application"
[debug] [2020-04-21T10:31:03.222Z] [runtime-status] [25805] triggerDefinition {"httpsTrigger":{},"name":"application","entryPoint":"application"} 
[debug] [2020-04-21T10:31:03.222Z] [runtime-status] [25805] Running application in mode HTTPS 
[debug] [2020-04-21T10:31:03.223Z] [runtime-status] [25805] Attempting to listen to socketPath: /var/folders/0q/dv5gw5vn6bs06d9y82697yr00000gn/T/fire_emu_25805.sock 
[debug] [2020-04-21T10:31:03.224Z] [functions] Runtime ready! Sending request! 
[debug] [2020-04-21T10:31:03.228Z] [runtime-status] [25805] Ephemeral server handling GET request 
[info] >  / this is a middleware {"user":"/ this is a middleware"}
[info] >  undefined {"user":"undefined"}
[debug] [2020-04-21T10:31:03.232Z] [runtime-status] [25805] Ephemeral server survived. 
[info] i  functions: Finished "application" in ~1s
[debug] [2020-04-21T10:31:03.232Z] [worker-application-1b58f0f1-ee7a-4191-b4f8-46c72d5b8b10]: IDLE 
[debug] [2020-04-21T10:31:03.232Z] [work-queue] {"queueLength":0,"workRunningCount":0}
[debug] [2020-04-21T10:36:20.462Z] File /Users/sakshay/Practice/MEANStack/bemeanstack/functions/src/app.js changed, reloading triggers 
[debug] [2020-04-21T10:36:21.465Z] [worker-pool] Shutting down IDLE worker (~diagnostic~) 
[debug] [2020-04-21T10:36:21.466Z] [worker-~diagnostic~-cec86b18-4a81-4a8b-a43c-f33fdf395bd7]: FINISHING 
[debug] [2020-04-21T10:36:21.467Z] [worker-pool] Shutting down IDLE worker (application) 
[debug] [2020-04-21T10:36:21.467Z] [worker-application-1b58f0f1-ee7a-4191-b4f8-46c72d5b8b10]: FINISHING 
[debug] [2020-04-21T10:36:21.473Z] [worker-pool] addWorker(~diagnostic~) 
[debug] [2020-04-21T10:36:21.473Z] [worker-pool] Adding worker with key ~diagnostic~, total=2 
[debug] [2020-04-21T10:36:21.473Z] [worker-pool] submitWork(triggerId=) 
[debug] [2020-04-21T10:36:21.473Z] [worker-~diagnostic~-5768c0cc-8c5d-4697-aca8-feac1d52f52d]: Assigning socketPath: /var/folders/0q/dv5gw5vn6bs06d9y82697yr00000gn/T/fire_emu_25812.sock 
[debug] [2020-04-21T10:36:21.474Z] [worker-~diagnostic~-5768c0cc-8c5d-4697-aca8-feac1d52f52d]: BUSY 
[debug] [2020-04-21T10:36:21.478Z] [worker-~diagnostic~-cec86b18-4a81-4a8b-a43c-f33fdf395bd7]: exited 
[debug] [2020-04-21T10:36:21.479Z] [worker-~diagnostic~-cec86b18-4a81-4a8b-a43c-f33fdf395bd7]: FINISHED 
[debug] [2020-04-21T10:36:21.479Z] [worker-application-1b58f0f1-ee7a-4191-b4f8-46c72d5b8b10]: exited 
[debug] [2020-04-21T10:36:21.479Z] [worker-application-1b58f0f1-ee7a-4191-b4f8-46c72d5b8b10]: FINISHED 
[debug] [2020-04-21T10:36:22.229Z] [runtime-status] [25812] Functions runtime initialized. {"cwd":"/Users/sakshay/Practice/MEANStack/bemeanstack/functions","node_version":"10.16.3"} 
[debug] [2020-04-21T10:36:22.231Z] [runtime-status] [25812] Disabled runtime features: undefined 
[debug] [2020-04-21T10:36:22.234Z] [runtime-status] [25812] Resolved module firebase-admin {"declared":true,"installed":true,"version":"8.10.0","resolution":"/Users/sakshay/Practice/MEANStack/bemeanstack/functions/node_modules/firebase-admin/lib/index.js"} 
[debug] [2020-04-21T10:36:22.236Z] [runtime-status] [25812] Resolved module firebase-functions {"declared":true,"installed":true,"version":"3.6.0","resolution":"/Users/sakshay/Practice/MEANStack/bemeanstack/functions/node_modules/firebase-functions/lib/index.js"} 
[debug] [2020-04-21T10:36:22.240Z] [runtime-status] [25812] Outgoing network have been stubbed. [{"name":"http","status":"mocked"},{"name":"http","status":"mocked"},{"name":"https","status":"mocked"},{"name":"https","status":"mocked"},{"name":"net","status":"mocked"}] 
[debug] [2020-04-21T10:36:22.313Z] [runtime-status] [25812] Checked functions.config() {"config":{}} 
[debug] [2020-04-21T10:36:22.314Z] [runtime-status] [25812] Resolved module firebase-functions {"declared":true,"installed":true,"version":"3.6.0","resolution":"/Users/sakshay/Practice/MEANStack/bemeanstack/functions/node_modules/firebase-functions/lib/index.js"} 
[debug] [2020-04-21T10:36:22.315Z] [runtime-status] [25812] Resolved module firebase-admin {"declared":true,"installed":true,"version":"8.10.0","resolution":"/Users/sakshay/Practice/MEANStack/bemeanstack/functions/node_modules/firebase-admin/lib/index.js"} 
[debug] [2020-04-21T10:36:22.315Z] [runtime-status] [25812] Resolved module firebase-functions {"declared":true,"installed":true,"version":"3.6.0","resolution":"/Users/sakshay/Practice/MEANStack/bemeanstack/functions/node_modules/firebase-functions/lib/index.js"} 
[debug] [2020-04-21T10:36:22.315Z] [runtime-status] [25812] firebase-admin has been stubbed. {"adminResolution":{"declared":true,"installed":true,"version":"8.10.0","resolution":"/Users/sakshay/Practice/MEANStack/bemeanstack/functions/node_modules/firebase-admin/lib/index.js"}} 
[debug] [2020-04-21T10:36:22.993Z] [worker-~diagnostic~-5768c0cc-8c5d-4697-aca8-feac1d52f52d]: IDLE 
[info] >  Connected to the database {"user":"Connected to the database"}
[debug] [2020-04-21T10:44:24.981Z] File /Users/sakshay/Practice/MEANStack/bemeanstack/functions/index.js changed, reloading triggers 
[debug] [2020-04-21T10:44:25.985Z] [worker-pool] Shutting down IDLE worker (~diagnostic~) 
[debug] [2020-04-21T10:44:25.986Z] [worker-~diagnostic~-5768c0cc-8c5d-4697-aca8-feac1d52f52d]: FINISHING 
[debug] [2020-04-21T10:44:25.990Z] [worker-pool] Cleaned up workers for ~diagnostic~: 2 --> 1 
[debug] [2020-04-21T10:44:25.991Z] [worker-pool] Cleaned up workers for application: 1 --> 0 
[debug] [2020-04-21T10:44:26.003Z] [worker-pool] addWorker(~diagnostic~) 
[debug] [2020-04-21T10:44:26.004Z] [worker-pool] Adding worker with key ~diagnostic~, total=2 
[debug] [2020-04-21T10:44:26.004Z] [worker-pool] submitWork(triggerId=) 
[debug] [2020-04-21T10:44:26.005Z] [worker-~diagnostic~-7e0a4171-44ac-4cab-8df1-1f508809f220]: Assigning socketPath: /var/folders/0q/dv5gw5vn6bs06d9y82697yr00000gn/T/fire_emu_26105.sock 
[debug] [2020-04-21T10:44:26.005Z] [worker-~diagnostic~-7e0a4171-44ac-4cab-8df1-1f508809f220]: BUSY 
[debug] [2020-04-21T10:44:26.007Z] [worker-~diagnostic~-5768c0cc-8c5d-4697-aca8-feac1d52f52d]: exited 
[debug] [2020-04-21T10:44:26.007Z] [worker-~diagnostic~-5768c0cc-8c5d-4697-aca8-feac1d52f52d]: FINISHED 
[debug] [2020-04-21T10:44:26.857Z] [runtime-status] [26105] Functions runtime initialized. {"cwd":"/Users/sakshay/Practice/MEANStack/bemeanstack/functions","node_version":"10.16.3"} 
[debug] [2020-04-21T10:44:26.861Z] [runtime-status] [26105] Disabled runtime features: undefined 
[debug] [2020-04-21T10:44:26.863Z] [runtime-status] [26105] Resolved module firebase-admin {"declared":true,"installed":true,"version":"8.10.0","resolution":"/Users/sakshay/Practice/MEANStack/bemeanstack/functions/node_modules/firebase-admin/lib/index.js"} 
[debug] [2020-04-21T10:44:26.865Z] [runtime-status] [26105] Resolved module firebase-functions {"declared":true,"installed":true,"version":"3.6.0","resolution":"/Users/sakshay/Practice/MEANStack/bemeanstack/functions/node_modules/firebase-functions/lib/index.js"} 
[debug] [2020-04-21T10:44:26.873Z] [runtime-status] [26105] Outgoing network have been stubbed. [{"name":"http","status":"mocked"},{"name":"http","status":"mocked"},{"name":"https","status":"mocked"},{"name":"https","status":"mocked"},{"name":"net","status":"mocked"}] 
[debug] [2020-04-21T10:44:26.945Z] [runtime-status] [26105] Checked functions.config() {"config":{}} 
[debug] [2020-04-21T10:44:26.945Z] [runtime-status] [26105] Resolved module firebase-functions {"declared":true,"installed":true,"version":"3.6.0","resolution":"/Users/sakshay/Practice/MEANStack/bemeanstack/functions/node_modules/firebase-functions/lib/index.js"} 
[debug] [2020-04-21T10:44:26.946Z] [runtime-status] [26105] Resolved module firebase-admin {"declared":true,"installed":true,"version":"8.10.0","resolution":"/Users/sakshay/Practice/MEANStack/bemeanstack/functions/node_modules/firebase-admin/lib/index.js"} 
[debug] [2020-04-21T10:44:26.946Z] [runtime-status] [26105] Resolved module firebase-functions {"declared":true,"installed":true,"version":"3.6.0","resolution":"/Users/sakshay/Practice/MEANStack/bemeanstack/functions/node_modules/firebase-functions/lib/index.js"} 
[debug] [2020-04-21T10:44:26.947Z] [runtime-status] [26105] firebase-admin has been stubbed. {"adminResolution":{"declared":true,"installed":true,"version":"8.10.0","resolution":"/Users/sakshay/Practice/MEANStack/bemeanstack/functions/node_modules/firebase-admin/lib/index.js"}} 
[warn] ⚠  ReferenceError: port is not defined
    at Object.<anonymous> (/Users/sakshay/Practice/MEANStack/bemeanstack/functions/index.js:6:17)
    at Module._compile (internal/modules/cjs/loader.js:778:30)
    at Object.Module._extensions..js (internal/modules/cjs/loader.js:789:10)
    at Module.load (internal/modules/cjs/loader.js:653:32)
    at tryModuleLoad (internal/modules/cjs/loader.js:593:12)
    at Function.Module._load (internal/modules/cjs/loader.js:585:3)
    at Module.require (internal/modules/cjs/loader.js:692:17)
    at require (internal/modules/cjs/helpers.js:25:18)
    at /usr/local/lib/node_modules/firebase-tools/lib/emulator/functionsEmulatorRuntime.js:661:33
    at Generator.next (<anonymous>)
    at fulfilled (/usr/local/lib/node_modules/firebase-tools/lib/emulator/functionsEmulatorRuntime.js:5:58)
    at process._tickCallback (internal/process/next_tick.js:68:7)
[warn] ⚠  We were unable to load your functions code. (see above)
   - It appears your code is written in Typescript, which must be compiled before emulation.
[debug] [2020-04-21T10:44:27.683Z] [worker-~diagnostic~-7e0a4171-44ac-4cab-8df1-1f508809f220]: exited 
[debug] [2020-04-21T10:44:27.683Z] [worker-~diagnostic~-7e0a4171-44ac-4cab-8df1-1f508809f220]: FINISHED 
[debug] [2020-04-21T10:58:09.781Z] File /Users/sakshay/Practice/MEANStack/bemeanstack/functions/index.js changed, reloading triggers 
[debug] [2020-04-21T10:58:10.788Z] [worker-pool] Cleaned up workers for ~diagnostic~: 2 --> 0 
[debug] [2020-04-21T10:58:10.799Z] [worker-pool] addWorker(~diagnostic~) 
[debug] [2020-04-21T10:58:10.799Z] [worker-pool] Adding worker with key ~diagnostic~, total=1 
[debug] [2020-04-21T10:58:10.799Z] [worker-pool] submitWork(triggerId=) 
[debug] [2020-04-21T10:58:10.800Z] [worker-~diagnostic~-30666f97-ba66-40a2-81a1-c011519455eb]: Assigning socketPath: /var/folders/0q/dv5gw5vn6bs06d9y82697yr00000gn/T/fire_emu_26690.sock 
[debug] [2020-04-21T10:58:10.801Z] [worker-~diagnostic~-30666f97-ba66-40a2-81a1-c011519455eb]: BUSY 
[debug] [2020-04-21T10:58:11.589Z] [runtime-status] [26690] Functions runtime initialized. {"cwd":"/Users/sakshay/Practice/MEANStack/bemeanstack/functions","node_version":"10.16.3"} 
[debug] [2020-04-21T10:58:11.590Z] [runtime-status] [26690] Disabled runtime features: undefined 
[debug] [2020-04-21T10:58:11.637Z] [runtime-status] [26690] Resolved module firebase-admin {"declared":true,"installed":true,"version":"8.10.0","resolution":"/Users/sakshay/Practice/MEANStack/bemeanstack/functions/node_modules/firebase-admin/lib/index.js"} 
[debug] [2020-04-21T10:58:11.637Z] [runtime-status] [26690] Resolved module firebase-functions {"declared":true,"installed":true,"version":"3.6.0","resolution":"/Users/sakshay/Practice/MEANStack/bemeanstack/functions/node_modules/firebase-functions/lib/index.js"} 
[debug] [2020-04-21T10:58:11.638Z] [runtime-status] [26690] Outgoing network have been stubbed. [{"name":"http","status":"mocked"},{"name":"http","status":"mocked"},{"name":"https","status":"mocked"},{"name":"https","status":"mocked"},{"name":"net","status":"mocked"}] 
[debug] [2020-04-21T10:58:11.675Z] [runtime-status] [26690] Checked functions.config() {"config":{}} 
[debug] [2020-04-21T10:58:11.676Z] [runtime-status] [26690] Resolved module firebase-functions {"declared":true,"installed":true,"version":"3.6.0","resolution":"/Users/sakshay/Practice/MEANStack/bemeanstack/functions/node_modules/firebase-functions/lib/index.js"} 
[debug] [2020-04-21T10:58:11.676Z] [runtime-status] [26690] Resolved module firebase-admin {"declared":true,"installed":true,"version":"8.10.0","resolution":"/Users/sakshay/Practice/MEANStack/bemeanstack/functions/node_modules/firebase-admin/lib/index.js"} 
[debug] [2020-04-21T10:58:11.676Z] [runtime-status] [26690] Resolved module firebase-functions {"declared":true,"installed":true,"version":"3.6.0","resolution":"/Users/sakshay/Practice/MEANStack/bemeanstack/functions/node_modules/firebase-functions/lib/index.js"} 
[debug] [2020-04-21T10:58:11.676Z] [runtime-status] [26690] firebase-admin has been stubbed. {"adminResolution":{"declared":true,"installed":true,"version":"8.10.0","resolution":"/Users/sakshay/Practice/MEANStack/bemeanstack/functions/node_modules/firebase-admin/lib/index.js"}} 
[debug] [2020-04-21T10:58:11.678Z] [runtime-status] [26690] initializeApp(DEFAULT) {"databaseURL":"https://bemeanstack.firebaseio.com","storageBucket":"bemeanstack.appspot.com","projectId":"bemeanstack"} 
[debug] [2020-04-21T10:58:12.434Z] [worker-~diagnostic~-30666f97-ba66-40a2-81a1-c011519455eb]: IDLE 
[info] >  Connected to the database {"user":"Connected to the database"}
[debug] [2020-04-21T10:58:13.980Z] File /Users/sakshay/Practice/MEANStack/bemeanstack/functions/package.json changed, reloading triggers 
[debug] [2020-04-21T10:58:14.981Z] [worker-pool] Shutting down IDLE worker (~diagnostic~) 
[debug] [2020-04-21T10:58:14.981Z] [worker-~diagnostic~-30666f97-ba66-40a2-81a1-c011519455eb]: FINISHING 
[debug] [2020-04-21T10:58:14.984Z] [worker-pool] addWorker(~diagnostic~) 
[debug] [2020-04-21T10:58:14.984Z] [worker-pool] Adding worker with key ~diagnostic~, total=2 
[debug] [2020-04-21T10:58:14.984Z] [worker-pool] submitWork(triggerId=) 
[debug] [2020-04-21T10:58:14.985Z] [worker-~diagnostic~-191aaef7-8087-46a3-abab-ff2c744d3151]: Assigning socketPath: /var/folders/0q/dv5gw5vn6bs06d9y82697yr00000gn/T/fire_emu_26699.sock 
[debug] [2020-04-21T10:58:14.985Z] [worker-~diagnostic~-191aaef7-8087-46a3-abab-ff2c744d3151]: BUSY 
[debug] [2020-04-21T10:58:14.989Z] [worker-~diagnostic~-30666f97-ba66-40a2-81a1-c011519455eb]: exited 
[debug] [2020-04-21T10:58:14.989Z] [worker-~diagnostic~-30666f97-ba66-40a2-81a1-c011519455eb]: FINISHED 
[debug] [2020-04-21T10:58:15.269Z] [runtime-status] [26699] Functions runtime initialized. {"cwd":"/Users/sakshay/Practice/MEANStack/bemeanstack/functions","node_version":"10.16.3"} 
[debug] [2020-04-21T10:58:15.271Z] [runtime-status] [26699] Disabled runtime features: undefined 
[debug] [2020-04-21T10:58:15.273Z] [runtime-status] [26699] Resolved module firebase-admin {"declared":true,"installed":true,"version":"8.10.0","resolution":"/Users/sakshay/Practice/MEANStack/bemeanstack/functions/node_modules/firebase-admin/lib/index.js"} 
[debug] [2020-04-21T10:58:15.274Z] [runtime-status] [26699] Resolved module firebase-functions {"declared":true,"installed":true,"version":"3.6.0","resolution":"/Users/sakshay/Practice/MEANStack/bemeanstack/functions/node_modules/firebase-functions/lib/index.js"} 
[debug] [2020-04-21T10:58:15.278Z] [runtime-status] [26699] Outgoing network have been stubbed. [{"name":"http","status":"mocked"},{"name":"http","status":"mocked"},{"name":"https","status":"mocked"},{"name":"https","status":"mocked"},{"name":"net","status":"mocked"}] 
[debug] [2020-04-21T10:58:15.307Z] [runtime-status] [26699] Checked functions.config() {"config":{}} 
[debug] [2020-04-21T10:58:15.308Z] [runtime-status] [26699] Resolved module firebase-functions {"declared":true,"installed":true,"version":"3.6.0","resolution":"/Users/sakshay/Practice/MEANStack/bemeanstack/functions/node_modules/firebase-functions/lib/index.js"} 
[debug] [2020-04-21T10:58:15.309Z] [runtime-status] [26699] Resolved module firebase-admin {"declared":true,"installed":true,"version":"8.10.0","resolution":"/Users/sakshay/Practice/MEANStack/bemeanstack/functions/node_modules/firebase-admin/lib/index.js"} 
[debug] [2020-04-21T10:58:15.309Z] [runtime-status] [26699] Resolved module firebase-functions {"declared":true,"installed":true,"version":"3.6.0","resolution":"/Users/sakshay/Practice/MEANStack/bemeanstack/functions/node_modules/firebase-functions/lib/index.js"} 
[debug] [2020-04-21T10:58:15.309Z] [runtime-status] [26699] firebase-admin has been stubbed. {"adminResolution":{"declared":true,"installed":true,"version":"8.10.0","resolution":"/Users/sakshay/Practice/MEANStack/bemeanstack/functions/node_modules/firebase-admin/lib/index.js"}} 
[debug] [2020-04-21T10:58:15.311Z] [runtime-status] [26699] initializeApp(DEFAULT) {"databaseURL":"https://bemeanstack.firebaseio.com","storageBucket":"bemeanstack.appspot.com","projectId":"bemeanstack"} 
[debug] [2020-04-21T10:58:15.592Z] [worker-~diagnostic~-191aaef7-8087-46a3-abab-ff2c744d3151]: IDLE 
[info] >  Connected to the database {"user":"Connected to the database"}
